<?xml version="1.0" encoding="utf-8"?><testsuites name="pytest tests"><testsuite name="pytest" errors="0" failures="0" skipped="0" tests="22" time="1.632" timestamp="2026-01-08T22:59:45.248787+00:00" hostname="agent-env-0d2221ec-69d3-446e-a289-da502fa5b32e"><testcase classname="tests.test_exportassist_api.TestHealthCheck" name="test_health_endpoint" time="0.059" /><testcase classname="tests.test_exportassist_api.TestAuth" name="test_signup_new_user" time="0.261" /><testcase classname="tests.test_exportassist_api.TestAuth" name="test_signup_duplicate_email" time="0.040" /><testcase classname="tests.test_exportassist_api.TestAuth" name="test_login_valid_credentials" time="0.258" /><testcase classname="tests.test_exportassist_api.TestAuth" name="test_login_invalid_credentials" time="0.265" /><testcase classname="tests.test_exportassist_api.TestAuth" name="test_get_user_info" time="0.037" /><testcase classname="tests.test_exportassist_api.TestCompanyProfile" name="test_get_profile_not_exists" time="0.034" /><testcase classname="tests.test_exportassist_api.TestCompanyProfile" name="test_create_profile" time="0.036" /><testcase classname="tests.test_exportassist_api.TestCompanyProfile" name="test_get_profile_exists" time="0.078" /><testcase classname="tests.test_exportassist_api.TestShipments" name="test_get_shipments_empty" time="0.035" /><testcase classname="tests.test_exportassist_api.TestShipments" name="test_create_shipment_with_logistics_fields" time="0.036" /><testcase classname="tests.test_exportassist_api.TestShipments" name="test_get_shipment_by_id" time="0.039" /><testcase classname="tests.test_exportassist_api.TestShipments" name="test_update_shipment" time="0.070" /><testcase classname="tests.test_exportassist_api.TestShipments" name="test_get_shipments_list" time="0.036" /><testcase classname="tests.test_exportassist_api.TestPDFGeneration" name="test_generate_invoice_pdf" time="0.045" /><testcase classname="tests.test_exportassist_api.TestPDFGeneration" name="test_generate_packing_list_pdf" time="0.037" /><testcase classname="tests.test_exportassist_api.TestPDFGeneration" name="test_shipment_status_after_pdf" time="0.032" /><testcase classname="tests.test_exportassist_api.TestTallyExport" name="test_export_tally_xml" time="0.036" /><testcase classname="tests.test_exportassist_api.TestGSTR1Export" name="test_export_gstr1_csv" time="0.038" /><testcase classname="tests.test_exportassist_api.TestErrorHandling" name="test_unauthorized_access" time="0.037" /><testcase classname="tests.test_exportassist_api.TestErrorHandling" name="test_invalid_token" time="0.032" /><testcase classname="tests.test_exportassist_api.TestErrorHandling" name="test_shipment_not_found" time="0.033" /></testsuite></testsuites>