<?xml version="1.0" encoding="utf-8"?><testsuites name="pytest tests"><testsuite name="pytest" errors="0" failures="2" skipped="0" tests="22" time="1.709" timestamp="2026-01-08T22:59:05.945454+00:00" hostname="agent-env-0d2221ec-69d3-446e-a289-da502fa5b32e"><testcase classname="tests.test_exportassist_api.TestHealthCheck" name="test_health_endpoint" time="0.073" /><testcase classname="tests.test_exportassist_api.TestAuth" name="test_signup_new_user" time="0.261" /><testcase classname="tests.test_exportassist_api.TestAuth" name="test_signup_duplicate_email" time="0.042" /><testcase classname="tests.test_exportassist_api.TestAuth" name="test_login_valid_credentials" time="0.256" /><testcase classname="tests.test_exportassist_api.TestAuth" name="test_login_invalid_credentials" time="0.254" /><testcase classname="tests.test_exportassist_api.TestAuth" name="test_get_user_info" time="0.037" /><testcase classname="tests.test_exportassist_api.TestCompanyProfile" name="test_get_profile_not_exists" time="0.036" /><testcase classname="tests.test_exportassist_api.TestCompanyProfile" name="test_create_profile" time="0.034" /><testcase classname="tests.test_exportassist_api.TestCompanyProfile" name="test_get_profile_exists" time="0.032" /><testcase classname="tests.test_exportassist_api.TestShipments" name="test_get_shipments_empty" time="0.035" /><testcase classname="tests.test_exportassist_api.TestShipments" name="test_create_shipment_with_logistics_fields" time="0.035" /><testcase classname="tests.test_exportassist_api.TestShipments" name="test_get_shipment_by_id" time="0.045" /><testcase classname="tests.test_exportassist_api.TestShipments" name="test_update_shipment" time="0.069" /><testcase classname="tests.test_exportassist_api.TestShipments" name="test_get_shipments_list" time="0.039" /><testcase classname="tests.test_exportassist_api.TestPDFGeneration" name="test_generate_invoice_pdf" time="0.051"><failure message="AssertionError: PDF generation failed: Internal Server Error&#10;assert 520 == 200&#10; +  where 520 = &lt;Response [520]&gt;.status_code">tests/test_exportassist_api.py:361: in test_generate_invoice_pdf
    assert response.status_code == 200, f"PDF generation failed: {response.text}"
E   AssertionError: PDF generation failed: Internal Server Error
E   assert 520 == 200
E    +  where 520 = &lt;Response [520]&gt;.status_code</failure></testcase><testcase classname="tests.test_exportassist_api.TestPDFGeneration" name="test_generate_packing_list_pdf" time="0.036" /><testcase classname="tests.test_exportassist_api.TestPDFGeneration" name="test_shipment_status_after_pdf" time="0.041"><failure message="AssertionError: assert 'Draft' == 'Final'&#10;  &#10;  - Final&#10;  + Draft">tests/test_exportassist_api.py:394: in test_shipment_status_after_pdf
    assert data["status"] == "Final"
E   AssertionError: assert 'Draft' == 'Final'
E     
E     - Final
E     + Draft</failure></testcase><testcase classname="tests.test_exportassist_api.TestTallyExport" name="test_export_tally_xml" time="0.039" /><testcase classname="tests.test_exportassist_api.TestGSTR1Export" name="test_export_gstr1_csv" time="0.078" /><testcase classname="tests.test_exportassist_api.TestErrorHandling" name="test_unauthorized_access" time="0.037" /><testcase classname="tests.test_exportassist_api.TestErrorHandling" name="test_invalid_token" time="0.032" /><testcase classname="tests.test_exportassist_api.TestErrorHandling" name="test_shipment_not_found" time="0.035" /></testsuite></testsuites>